App/build/intermediates/manifest_merge_blame_file/debug/processDebugMainManifest/manifest-merger-blame-debug-report.txt
1<?xml version="1.0" encoding="utf-8"?>
2<manifest xmlns:android="http://schemas.android.com/apk/res/android"
3    package="com.example.mobileseniorcare"
4    android:versionCode="1"
5    android:versionName="1.0" >
6
7    <uses-sdk
8        android:minSdkVersion="27"
9        android:targetSdkVersion="34" />
10
11    <uses-permission android:name="android.permission.INTERNET" />
11-->src\main\AndroidManifest.xml:5:5-67
11-->src\main\AndroidManifest.xml:5:22-64
12
13    <permission
13-->[androidx.core:core:1.13.1] AndroidManifest.xml:22:5-24:47
14        android:name="com.example.mobileseniorcare.DYNAMIC_RECEIVER_NOT_EXPORTED_PERMISSION"
14-->[androidx.core:core:1.13.1] AndroidManifest.xml:23:9-81
15        android:protectionLevel="signature" />
15-->[androidx.core:core:1.13.1] AndroidManifest.xml:24:9-44
16
17    <uses-permission android:name="com.example.mobileseniorcare.DYNAMIC_RECEIVER_NOT_EXPORTED_PERMISSION" />
17-->[androidx.core:core:1.13.1] AndroidManifest.xml:26:5-97
17-->[androidx.core:core:1.13.1] AndroidManifest.xml:26:22-94
18
19    <application
19-->src\main\AndroidManifest.xml:7:5-83:19
20        android:allowBackup="true"
20-->src\main\AndroidManifest.xml:8:9-35
21        android:appComponentFactory="androidx.core.app.CoreComponentFactory"
21-->[androidx.core:core:1.13.1] AndroidManifest.xml:28:18-86
22        android:dataExtractionRules="@xml/data_extraction_rules"
22-->src\main\AndroidManifest.xml:9:9-65
23        android:debuggable="true"
24        android:extractNativeLibs="false"
25        android:fullBackupContent="@xml/backup_rules"
25-->src\main\AndroidManifest.xml:10:9-54
26        android:icon="@mipmap/ic_launcher"
26-->src\main\AndroidManifest.xml:11:9-43
27        android:label="@string/app_name"
27-->src\main\AndroidManifest.xml:12:9-41
28        android:roundIcon="@mipmap/ic_launcher_round"
28-->src\main\AndroidManifest.xml:13:9-54
29        android:supportsRtl="true"
29-->src\main\AndroidManifest.xml:14:9-35
30        android:testOnly="true"
31        android:theme="@style/Theme.MobileSeniorCare" >
31-->src\main\AndroidManifest.xml:15:9-54
32        <activity
32-->src\main\AndroidManifest.xml:17:9-21:61
33            android:name="com.example.mobileseniorcare.telas.CadastroIdoso"
33-->src\main\AndroidManifest.xml:18:13-48
34            android:exported="false"
34-->src\main\AndroidManifest.xml:19:13-37
35            android:label="@string/title_activity_cadastro_idoso"
35-->src\main\AndroidManifest.xml:20:13-66
36            android:theme="@style/Theme.MobileSeniorCare" />
36-->src\main\AndroidManifest.xml:21:13-58
37        <activity
37-->src\main\AndroidManifest.xml:22:9-26:61
38            android:name="com.example.mobileseniorcare.telas.MainActivity2"
38-->src\main\AndroidManifest.xml:23:13-48
39            android:exported="false"
39-->src\main\AndroidManifest.xml:24:13-37
40            android:label="@string/title_activity_main2"
40-->src\main\AndroidManifest.xml:25:13-57
41            android:theme="@style/Theme.MobileSeniorCare" />
41-->src\main\AndroidManifest.xml:26:13-58
42        <activity
42-->src\main\AndroidManifest.xml:27:9-31:61
43            android:name="com.example.mobileseniorcare.telas.FragmentosCadastro"
43-->src\main\AndroidManifest.xml:28:13-53
44            android:exported="false"
44-->src\main\AndroidManifest.xml:29:13-37
45            android:label="@string/title_activity_fragmentos_cadastro"
45-->src\main\AndroidManifest.xml:30:13-71
46            android:theme="@style/Theme.MobileSeniorCare" />
46-->src\main\AndroidManifest.xml:31:13-58
47        <activity
47-->src\main\AndroidManifest.xml:32:9-36:61
48            android:name="com.example.mobileseniorcare.telas.EdicaoPerfil"
48-->src\main\AndroidManifest.xml:33:13-47
49            android:exported="true"
49-->src\main\AndroidManifest.xml:34:13-36
50            android:label="@string/title_activity_edicao_perfil"
50-->src\main\AndroidManifest.xml:35:13-65
51            android:theme="@style/Theme.MobileSeniorCare" />
51-->src\main\AndroidManifest.xml:36:13-58
52        <activity
52-->src\main\AndroidManifest.xml:37:9-41:61
53            android:name="com.example.mobileseniorcare.telas.cadastro.Cadastro6"
53-->src\main\AndroidManifest.xml:38:13-53
54            android:exported="true"
54-->src\main\AndroidManifest.xml:39:13-36
55            android:label="@string/title_activity_cadastro6"
55-->src\main\AndroidManifest.xml:40:13-61
56            android:theme="@style/Theme.MobileSeniorCare" />
56-->src\main\AndroidManifest.xml:41:13-58
57        <activity
57-->src\main\AndroidManifest.xml:42:9-46:61
58            android:name="com.example.mobileseniorcare.telas.cadastro.Cadastro5"
58-->src\main\AndroidManifest.xml:43:13-53
59            android:exported="true"
59-->src\main\AndroidManifest.xml:44:13-36
60            android:label="@string/title_activity_cadastro5"
60-->src\main\AndroidManifest.xml:45:13-61
61            android:theme="@style/Theme.MobileSeniorCare" />
61-->src\main\AndroidManifest.xml:46:13-58
62        <activity
62-->src\main\AndroidManifest.xml:47:9-51:61
63            android:name="com.example.mobileseniorcare.telas.cadastro.Cadastro4"
63-->src\main\AndroidManifest.xml:48:13-53
64            android:exported="true"
64-->src\main\AndroidManifest.xml:49:13-36
65            android:label="@string/title_activity_cadastro4"
65-->src\main\AndroidManifest.xml:50:13-61
66            android:theme="@style/Theme.MobileSeniorCare" />
66-->src\main\AndroidManifest.xml:51:13-58
67        <activity
67-->src\main\AndroidManifest.xml:52:9-56:61
68            android:name="com.example.mobileseniorcare.telas.cadastro.Cadastro3"
68-->src\main\AndroidManifest.xml:53:13-53
69            android:exported="true"
69-->src\main\AndroidManifest.xml:54:13-36
70            android:label="@string/title_activity_cadastro3"
70-->src\main\AndroidManifest.xml:55:13-61
71            android:theme="@style/Theme.MobileSeniorCare" />
71-->src\main\AndroidManifest.xml:56:13-58
72        <activity
72-->src\main\AndroidManifest.xml:57:9-61:61
73            android:name="com.example.mobileseniorcare.telas.cadastro.Cadastro2"
73-->src\main\AndroidManifest.xml:58:13-53
74            android:exported="true"
74-->src\main\AndroidManifest.xml:59:13-36
75            android:label="@string/title_activity_cadastro2"
75-->src\main\AndroidManifest.xml:60:13-61
76            android:theme="@style/Theme.MobileSeniorCare" />
76-->src\main\AndroidManifest.xml:61:13-58
77        <activity
77-->src\main\AndroidManifest.xml:62:9-66:61
78            android:name="com.example.mobileseniorcare.telas.cadastro.Cadastro1"
78-->src\main\AndroidManifest.xml:63:13-53
79            android:exported="true"
79-->src\main\AndroidManifest.xml:64:13-36
80            android:label="@string/title_activity_cadastro1"
80-->src\main\AndroidManifest.xml:65:13-61
81            android:theme="@style/Theme.MobileSeniorCare" />
81-->src\main\AndroidManifest.xml:66:13-58
82        <activity
82-->src\main\AndroidManifest.xml:67:9-71:61
83            android:name="com.example.mobileseniorcare.telas.Login"
83-->src\main\AndroidManifest.xml:68:13-40
84            android:exported="true"
84-->src\main\AndroidManifest.xml:69:13-36
85            android:label="@string/title_activity_login"
85-->src\main\AndroidManifest.xml:70:13-57
86            android:theme="@style/Theme.MobileSeniorCare" />
86-->src\main\AndroidManifest.xml:71:13-58
87        <activity
87-->src\main\AndroidManifest.xml:72:9-82:20
88            android:name="com.example.mobileseniorcare.telas.MainActivity"
88-->src\main\AndroidManifest.xml:73:13-47
89            android:exported="true"
89-->src\main\AndroidManifest.xml:74:13-36
90            android:label="@string/app_name"
90-->src\main\AndroidManifest.xml:75:13-45
91            android:theme="@style/Theme.MobileSeniorCare" >
91-->src\main\AndroidManifest.xml:76:13-58
92            <intent-filter>
92-->src\main\AndroidManifest.xml:77:13-81:29
93                <action android:name="android.intent.action.MAIN" />
93-->src\main\AndroidManifest.xml:78:17-69
93-->src\main\AndroidManifest.xml:78:25-66
94
95                <category android:name="android.intent.category.LAUNCHER" />
95-->src\main\AndroidManifest.xml:80:17-77
95-->src\main\AndroidManifest.xml:80:27-74
96            </intent-filter>
97        </activity>
98        <activity
98-->[androidx.compose.ui:ui-tooling-android:1.6.6] AndroidManifest.xml:23:9-25:39
99            android:name="androidx.compose.ui.tooling.PreviewActivity"
99-->[androidx.compose.ui:ui-tooling-android:1.6.6] AndroidManifest.xml:24:13-71
100            android:exported="true" />
100-->[androidx.compose.ui:ui-tooling-android:1.6.6] AndroidManifest.xml:25:13-36
101
102        <provider
102-->[androidx.emoji2:emoji2:1.3.0] AndroidManifest.xml:24:9-32:20
103            android:name="androidx.startup.InitializationProvider"
103-->[androidx.emoji2:emoji2:1.3.0] AndroidManifest.xml:25:13-67
104            android:authorities="com.example.mobileseniorcare.androidx-startup"
104-->[androidx.emoji2:emoji2:1.3.0] AndroidManifest.xml:26:13-68
105            android:exported="false" >
105-->[androidx.emoji2:emoji2:1.3.0] AndroidManifest.xml:27:13-37
106            <meta-data
106-->[androidx.emoji2:emoji2:1.3.0] AndroidManifest.xml:29:13-31:52
107                android:name="androidx.emoji2.text.EmojiCompatInitializer"
107-->[androidx.emoji2:emoji2:1.3.0] AndroidManifest.xml:30:17-75
108                android:value="androidx.startup" />
108-->[androidx.emoji2:emoji2:1.3.0] AndroidManifest.xml:31:17-49
109            <meta-data
109-->[androidx.lifecycle:lifecycle-process:2.8.5] AndroidManifest.xml:29:13-31:52
110                android:name="androidx.lifecycle.ProcessLifecycleInitializer"
110-->[androidx.lifecycle:lifecycle-process:2.8.5] AndroidManifest.xml:30:17-78
111                android:value="androidx.startup" />
111-->[androidx.lifecycle:lifecycle-process:2.8.5] AndroidManifest.xml:31:17-49
112            <meta-data
112-->[androidx.profileinstaller:profileinstaller:1.3.1] AndroidManifest.xml:29:13-31:52
113                android:name="androidx.profileinstaller.ProfileInstallerInitializer"
113-->[androidx.profileinstaller:profileinstaller:1.3.1] AndroidManifest.xml:30:17-85
114                android:value="androidx.startup" />
114-->[androidx.profileinstaller:profileinstaller:1.3.1] AndroidManifest.xml:31:17-49
115        </provider>
116
117        <activity
117-->[androidx.compose.ui:ui-test-manifest:1.6.6] AndroidManifest.xml:23:9-25:39
118            android:name="androidx.activity.ComponentActivity"
118-->[androidx.compose.ui:ui-test-manifest:1.6.6] AndroidManifest.xml:24:13-63
119            android:exported="true" />
119-->[androidx.compose.ui:ui-test-manifest:1.6.6] AndroidManifest.xml:25:13-36
120
121        <receiver
121-->[androidx.profileinstaller:profileinstaller:1.3.1] AndroidManifest.xml:34:9-52:20
122            android:name="androidx.profileinstaller.ProfileInstallReceiver"
122-->[androidx.profileinstaller:profileinstaller:1.3.1] AndroidManifest.xml:35:13-76
123            android:directBootAware="false"
123-->[androidx.profileinstaller:profileinstaller:1.3.1] AndroidManifest.xml:36:13-44
124            android:enabled="true"
124-->[androidx.profileinstaller:profileinstaller:1.3.1] AndroidManifest.xml:37:13-35
125            android:exported="true"
125-->[androidx.profileinstaller:profileinstaller:1.3.1] AndroidManifest.xml:38:13-36
126            android:permission="android.permission.DUMP" >
126-->[androidx.profileinstaller:profileinstaller:1.3.1] AndroidManifest.xml:39:13-57
127            <intent-filter>
127-->[androidx.profileinstaller:profileinstaller:1.3.1] AndroidManifest.xml:40:13-42:29
128                <action android:name="androidx.profileinstaller.action.INSTALL_PROFILE" />
128-->[androidx.profileinstaller:profileinstaller:1.3.1] AndroidManifest.xml:41:17-91
128-->[androidx.profileinstaller:profileinstaller:1.3.1] AndroidManifest.xml:41:25-88
129            </intent-filter>
130            <intent-filter>
130-->[androidx.profileinstaller:profileinstaller:1.3.1] AndroidManifest.xml:43:13-45:29
131                <action android:name="androidx.profileinstaller.action.SKIP_FILE" />
131-->[androidx.profileinstaller:profileinstaller:1.3.1] AndroidManifest.xml:44:17-85
131-->[androidx.profileinstaller:profileinstaller:1.3.1] AndroidManifest.xml:44:25-82
132            </intent-filter>
133            <intent-filter>
133-->[androidx.profileinstaller:profileinstaller:1.3.1] AndroidManifest.xml:46:13-48:29
134                <action android:name="androidx.profileinstaller.action.SAVE_PROFILE" />
134-->[androidx.profileinstaller:profileinstaller:1.3.1] AndroidManifest.xml:47:17-88
134-->[androidx.profileinstaller:profileinstaller:1.3.1] AndroidManifest.xml:47:25-85
135            </intent-filter>
136            <intent-filter>
136-->[androidx.profileinstaller:profileinstaller:1.3.1] AndroidManifest.xml:49:13-51:29
137                <action android:name="androidx.profileinstaller.action.BENCHMARK_OPERATION" />
137-->[androidx.profileinstaller:profileinstaller:1.3.1] AndroidManifest.xml:50:17-95
137-->[androidx.profileinstaller:profileinstaller:1.3.1] AndroidManifest.xml:50:25-92
138            </intent-filter>
139        </receiver>
140    </application>
141
142</manifest>